This is pdfTeX, Version 3.14159265-2.6-1.40.18 (TeX Live 2017/Debian) (preloaded format=pdflatex 2019.4.27)  22 JUL 2019 17:08
entering extended mode
 restricted \write18 enabled.
 %&-line parsing enabled.
**report.tex
(./report.tex
LaTeX2e <2017-04-15>
Babel <3.18> and hyphenation patterns for 84 language(s) loaded.
(/usr/share/texlive/texmf-dist/tex/latex/base/report.cls
Document Class: report 2014/09/29 v1.4h Standard LaTeX document class
(/usr/share/texlive/texmf-dist/tex/latex/base/size12.clo
File: size12.clo 2014/09/29 v1.4h Standard LaTeX file (size option)
)
\c@part=\count79
\c@chapter=\count80
\c@section=\count81
\c@subsection=\count82
\c@subsubsection=\count83
\c@paragraph=\count84
\c@subparagraph=\count85
\c@figure=\count86
\c@table=\count87
\abovecaptionskip=\skip41
\belowcaptionskip=\skip42
\bibindent=\dimen102
)
(/usr/share/texlive/texmf-dist/tex/latex/graphics/graphicx.sty
Package: graphicx 2017/06/01 v1.1a Enhanced LaTeX Graphics (DPC,SPQR)

(/usr/share/texlive/texmf-dist/tex/latex/graphics/keyval.sty
Package: keyval 2014/10/28 v1.15 key=value parser (DPC)
\KV@toks@=\toks14
)
(/usr/share/texlive/texmf-dist/tex/latex/graphics/graphics.sty
Package: graphics 2017/06/25 v1.2c Standard LaTeX Graphics (DPC,SPQR)

(/usr/share/texlive/texmf-dist/tex/latex/graphics/trig.sty
Package: trig 2016/01/03 v1.10 sin cos tan (DPC)
)
(/usr/share/texlive/texmf-dist/tex/latex/graphics-cfg/graphics.cfg
File: graphics.cfg 2016/06/04 v1.11 sample graphics configuration
)
Package graphics Info: Driver file: pdftex.def on input line 99.

(/usr/share/texlive/texmf-dist/tex/latex/graphics-def/pdftex.def
File: pdftex.def 2018/01/08 v1.0l Graphics/color driver for pdftex
))
\Gin@req@height=\dimen103
\Gin@req@width=\dimen104
)
(/usr/share/texlive/texmf-dist/tex/latex/caption/subcaption.sty
Package: subcaption 2016/05/22 v1.1-161 Sub-captions (AR)

(/usr/share/texlive/texmf-dist/tex/latex/caption/caption.sty
Package: caption 2016/02/21 v3.3-144 Customizing captions (AR)

(/usr/share/texlive/texmf-dist/tex/latex/caption/caption3.sty
Package: caption3 2016/05/22 v1.7-166 caption3 kernel (AR)
Package caption3 Info: TeX engine: e-TeX on input line 67.
\captionmargin=\dimen105
\captionmargin@=\dimen106
\captionwidth=\dimen107
\caption@tempdima=\dimen108
\caption@indent=\dimen109
\caption@parindent=\dimen110
\caption@hangindent=\dimen111
)
\c@ContinuedFloat=\count88
)
\c@subfigure=\count89
\c@subtable=\count90
)
(/usr/share/texlive/texmf-dist/tex/latex/tabto-ltx/tabto.sty
Package: tabto 2013/03/25  v 1.3  Another tabbing mechanism
\CurrentLineWidth=\dimen112
)
(/usr/share/texlive/texmf-dist/tex/latex/hyperref/hyperref.sty
Package: hyperref 2018/02/06 v6.86b Hypertext links for LaTeX

(/usr/share/texlive/texmf-dist/tex/generic/oberdiek/hobsub-hyperref.sty
Package: hobsub-hyperref 2016/05/16 v1.14 Bundle oberdiek, subset hyperref (HO)


(/usr/share/texlive/texmf-dist/tex/generic/oberdiek/hobsub-generic.sty
Package: hobsub-generic 2016/05/16 v1.14 Bundle oberdiek, subset generic (HO)
Package: hobsub 2016/05/16 v1.14 Construct package bundles (HO)
Package: infwarerr 2016/05/16 v1.4 Providing info/warning/error messages (HO)
Package: ltxcmds 2016/05/16 v1.23 LaTeX kernel commands for general use (HO)
Package: ifluatex 2016/05/16 v1.4 Provides the ifluatex switch (HO)
Package ifluatex Info: LuaTeX not detected.
Package: ifvtex 2016/05/16 v1.6 Detect VTeX and its facilities (HO)
Package ifvtex Info: VTeX not detected.
Package: intcalc 2016/05/16 v1.2 Expandable calculations with integers (HO)
Package: ifpdf 2017/03/15 v3.2 Provides the ifpdf switch
Package: etexcmds 2016/05/16 v1.6 Avoid name clashes with e-TeX commands (HO)
Package etexcmds Info: Could not find \expanded.
(etexcmds)             That can mean that you are not using pdfTeX 1.50 or
(etexcmds)             that some package has redefined \expanded.
(etexcmds)             In the latter case, load this package earlier.
Package: kvsetkeys 2016/05/16 v1.17 Key value parser (HO)
Package: kvdefinekeys 2016/05/16 v1.4 Define keys (HO)
Package: pdftexcmds 2018/01/21 v0.26 Utility functions of pdfTeX for LuaTeX (HO
)
Package pdftexcmds Info: LuaTeX not detected.
Package pdftexcmds Info: \pdf@primitive is available.
Package pdftexcmds Info: \pdf@ifprimitive is available.
Package pdftexcmds Info: \pdfdraftmode found.
Package: pdfescape 2016/05/16 v1.14 Implements pdfTeX's escape features (HO)
Package: bigintcalc 2016/05/16 v1.4 Expandable calculations on big integers (HO
)
Package: bitset 2016/05/16 v1.2 Handle bit-vector datatype (HO)
Package: uniquecounter 2016/05/16 v1.3 Provide unlimited unique counter (HO)
)
Package hobsub Info: Skipping package `hobsub' (already loaded).
Package: letltxmacro 2016/05/16 v1.5 Let assignment for LaTeX macros (HO)
Package: hopatch 2016/05/16 v1.3 Wrapper for package hooks (HO)
Package: xcolor-patch 2016/05/16 xcolor patch
Package: atveryend 2016/05/16 v1.9 Hooks at the very end of document (HO)
Package atveryend Info: \enddocument detected (standard20110627).
Package: atbegshi 2016/06/09 v1.18 At begin shipout hook (HO)
Package: refcount 2016/05/16 v3.5 Data extraction from label references (HO)
Package: hycolor 2016/05/16 v1.8 Color options for hyperref/bookmark (HO)
)
(/usr/share/texlive/texmf-dist/tex/generic/ifxetex/ifxetex.sty
Package: ifxetex 2010/09/12 v0.6 Provides ifxetex conditional
)
(/usr/share/texlive/texmf-dist/tex/latex/oberdiek/auxhook.sty
Package: auxhook 2016/05/16 v1.4 Hooks for auxiliary files (HO)
)
(/usr/share/texlive/texmf-dist/tex/latex/oberdiek/kvoptions.sty
Package: kvoptions 2016/05/16 v3.12 Key value format for package options (HO)
)
\@linkdim=\dimen113
\Hy@linkcounter=\count91
\Hy@pagecounter=\count92

(/usr/share/texlive/texmf-dist/tex/latex/hyperref/pd1enc.def
File: pd1enc.def 2018/02/06 v6.86b Hyperref: PDFDocEncoding definition (HO)
)
\Hy@SavedSpaceFactor=\count93

(/usr/share/texlive/texmf-dist/tex/latex/latexconfig/hyperref.cfg
File: hyperref.cfg 2002/06/06 v1.2 hyperref configuration of TeXLive
)
Package hyperref Info: Hyper figures OFF on input line 4509.
Package hyperref Info: Link nesting OFF on input line 4514.
Package hyperref Info: Hyper index ON on input line 4517.
Package hyperref Info: Plain pages OFF on input line 4524.
Package hyperref Info: Backreferencing OFF on input line 4529.
Package hyperref Info: Implicit mode ON; LaTeX internals redefined.
Package hyperref Info: Bookmarks ON on input line 4762.
\c@Hy@tempcnt=\count94

(/usr/share/texlive/texmf-dist/tex/latex/url/url.sty
\Urlmuskip=\muskip10
Package: url 2013/09/16  ver 3.4  Verb mode for urls, etc.
)
LaTeX Info: Redefining \url on input line 5115.
\XeTeXLinkMargin=\dimen114
\Fld@menulength=\count95
\Field@Width=\dimen115
\Fld@charsize=\dimen116
Package hyperref Info: Hyper figures OFF on input line 6369.
Package hyperref Info: Link nesting OFF on input line 6374.
Package hyperref Info: Hyper index ON on input line 6377.
Package hyperref Info: backreferencing OFF on input line 6384.
Package hyperref Info: Link coloring OFF on input line 6389.
Package hyperref Info: Link coloring with OCG OFF on input line 6394.
Package hyperref Info: PDF/A mode OFF on input line 6399.
LaTeX Info: Redefining \ref on input line 6439.
LaTeX Info: Redefining \pageref on input line 6443.
\Hy@abspage=\count96
\c@Item=\count97
\c@Hfootnote=\count98
)
Package hyperref Info: Driver (autodetected): hpdftex.

(/usr/share/texlive/texmf-dist/tex/latex/hyperref/hpdftex.def
File: hpdftex.def 2018/02/06 v6.86b Hyperref driver for pdfTeX
\Fld@listcount=\count99
\c@bookmark@seq@number=\count100

(/usr/share/texlive/texmf-dist/tex/latex/oberdiek/rerunfilecheck.sty
Package: rerunfilecheck 2016/05/16 v1.8 Rerun checks for auxiliary files (HO)
Package uniquecounter Info: New unique counter `rerunfilecheck' on input line 2
82.
)
\Hy@SectionHShift=\skip43
)
(./report.aux)
\openout1 = `report.aux'.

LaTeX Font Info:    Checking defaults for OML/cmm/m/it on input line 14.
LaTeX Font Info:    ... okay on input line 14.
LaTeX Font Info:    Checking defaults for T1/cmr/m/n on input line 14.
LaTeX Font Info:    ... okay on input line 14.
LaTeX Font Info:    Checking defaults for OT1/cmr/m/n on input line 14.
LaTeX Font Info:    ... okay on input line 14.
LaTeX Font Info:    Checking defaults for OMS/cmsy/m/n on input line 14.
LaTeX Font Info:    ... okay on input line 14.
LaTeX Font Info:    Checking defaults for OMX/cmex/m/n on input line 14.
LaTeX Font Info:    ... okay on input line 14.
LaTeX Font Info:    Checking defaults for U/cmr/m/n on input line 14.
LaTeX Font Info:    ... okay on input line 14.
LaTeX Font Info:    Checking defaults for PD1/pdf/m/n on input line 14.
LaTeX Font Info:    ... okay on input line 14.

(/usr/share/texlive/texmf-dist/tex/context/base/mkii/supp-pdf.mkii
[Loading MPS to PDF converter (version 2006.09.02).]
\scratchcounter=\count101
\scratchdimen=\dimen117
\scratchbox=\box26
\nofMPsegments=\count102
\nofMParguments=\count103
\everyMPshowfont=\toks15
\MPscratchCnt=\count104
\MPscratchDim=\dimen118
\MPnumerator=\count105
\makeMPintoPDFobject=\count106
\everyMPtoPDFconversion=\toks16
) (/usr/share/texlive/texmf-dist/tex/latex/oberdiek/epstopdf-base.sty
Package: epstopdf-base 2016/05/15 v2.6 Base part for package epstopdf

(/usr/share/texlive/texmf-dist/tex/latex/oberdiek/grfext.sty
Package: grfext 2016/05/16 v1.2 Manage graphics extensions (HO)
)
Package epstopdf-base Info: Redefining graphics rule for `.eps' on input line 4
38.
Package grfext Info: Graphics extension search list:
(grfext)             [.pdf,.png,.jpg,.mps,.jpeg,.jbig2,.jb2,.PDF,.PNG,.JPG,.JPE
G,.JBIG2,.JB2,.eps]
(grfext)             \AppendGraphicsExtensions on input line 456.

(/usr/share/texlive/texmf-dist/tex/latex/latexconfig/epstopdf-sys.cfg
File: epstopdf-sys.cfg 2010/07/13 v1.3 Configuration of (r)epstopdf for TeX Liv
e
))
Package caption Info: Begin \AtBeginDocument code.
Package caption Info: hyperref package is loaded.
Package caption Info: End \AtBeginDocument code.
\AtBeginShipoutBox=\box27
Package hyperref Info: Link coloring OFF on input line 14.

(/usr/share/texlive/texmf-dist/tex/latex/hyperref/nameref.sty
Package: nameref 2016/05/21 v2.44 Cross-referencing by name of section

(/usr/share/texlive/texmf-dist/tex/generic/oberdiek/gettitlestring.sty
Package: gettitlestring 2016/05/16 v1.5 Cleanup title references (HO)
)
\c@section@level=\count107
)
LaTeX Info: Redefining \ref on input line 14.
LaTeX Info: Redefining \pageref on input line 14.
LaTeX Info: Redefining \nameref on input line 14.

(./report.out) (./report.out)
\@outlinefile=\write3
\openout3 = `report.out'.

<university.png, id=156, 220.825pt x 229.85875pt>
File: university.png Graphic file (type png)
<use university.png>
Package pdftex.def Info: university.png  used on input line 32.
(pdftex.def)             Requested size: 155.99762pt x 162.38713pt.
 [1

{/var/lib/texmf/fonts/map/pdftex/updmap/pdftex.map} <./university.png>] (./repo
rt.toc
LaTeX Font Info:    External font `cmex10' loaded for size
(Font)              <12> on input line 2.
LaTeX Font Info:    External font `cmex10' loaded for size
(Font)              <8> on input line 2.
LaTeX Font Info:    External font `cmex10' loaded for size
(Font)              <6> on input line 2.
pdfTeX warning (ext4): destination with the same identifier (name{page.1}) has 
been already used, duplicate ignored
<to be read again> 
                   \relax 
l.30 ...2}Symbol table designing}{31}{section.4.2}
                                                   [1

])
\tf@toc=\write4
\openout4 = `report.toc'.

 [2]
Chapter 1.
[3

]
<compilerinLangproc.png, id=218, 1016.79875pt x 928.46875pt>
File: compilerinLangproc.png Graphic file (type png)
<use compilerinLangproc.png>
Package pdftex.def Info: compilerinLangproc.png  used on input line 52.
(pdftex.def)             Requested size: 370.49881pt x 338.3145pt.
LaTeX Font Info:    Try loading font information for OMS+cmr on input line 59.
 (/usr/share/texlive/texmf-dist/tex/latex/base/omscmr.fd
File: omscmr.fd 2014/09/29 v2.5h Standard LaTeX font definitions
)
LaTeX Font Info:    Font shape `OMS/cmr/m/n' in size <12> not available
(Font)              Font shape `OMS/cmsy/m/n' tried instead on input line 59.
 [4 <./compilerinLangproc.png>]
<compileStage.png, id=227, 1436.36626pt x 725.71124pt>
File: compileStage.png Graphic file (type png)
<use compileStage.png>
Package pdftex.def Info: compileStage.png  used on input line 66.
(pdftex.def)             Requested size: 370.49881pt x 187.18555pt.
<step.png, id=229, 522.45187pt x 358.33875pt>
File: step.png Graphic file (type png)
<use step.png>
Package pdftex.def Info: step.png  used on input line 74.
(pdftex.def)             Requested size: 370.49881pt x 254.12157pt.


LaTeX Warning: `!h' float specifier changed to `!ht'.

LaTeX Font Info:    External font `cmex10' loaded for size
(Font)              <7> on input line 85.
LaTeX Font Info:    External font `cmex10' loaded for size
(Font)              <5> on input line 85.
[5 <./compileStage.png>]
<pt.png, id=248, 348.55219pt x 263.48438pt>
File: pt.png Graphic file (type png)
<use pt.png>
Package pdftex.def Info: pt.png  used on input line 105.
(pdftex.def)             Requested size: 370.49881pt x 280.08813pt.
 [6 <./step.png>] [7 <./pt.png>]
Underfull \hbox (badness 10000) in paragraph at lines 111--112

 []

[8]
Missing character: There is no ‚ in font cmr12!
Missing character: There is no Ä in font cmr12!
Missing character: There is no ú in font cmr12!
Missing character: There is no ‚ in font cmr12!
Missing character: There is no Ä in font cmr12!
Missing character: There is no ù in font cmr12!
 [9]
Chapter 2.
[10

]
LaTeX Font Info:    Font shape `OMS/cmr/m/n' in size <14.4> not available
(Font)              Font shape `OMS/cmsy/m/n' tried instead on input line 140.

Overfull \hbox (4.00682pt too wide) in paragraph at lines 146--147
[]\OT1/cmr/m/n/14.4 Identifier: vari-able name, con-stant names, type names, fu
nc-
 []

LaTeX Font Info:    External font `cmex10' loaded for size
(Font)              <14.4> on input line 152.

Overfull \hbox (9.57344pt too wide) in paragraph at lines 152--153
\OT1/cmr/m/n/14.4 ness), $\OML/cmm/m/it/14.4 <$ \OT1/cmr/m/n/14.4 (com-par-i-so
n of less-ness), $\OML/cmm/m/it/14.4 >\OT1/cmr/m/n/14.4 =$ (com-par-i-son of gr
eater-
 []

[11]
Missing character: There is no ‚ in font cmr12!
Missing character: There is no Ä in font cmr12!
Missing character: There is no ò in font cmr12!

Overfull \hbox (29.62653pt too wide) in paragraph at lines 158--167
\OML/cmm/m/it/14.4 space;  letters;  numbers;  \OT1/cmr/m/n/14.4 +\OML/cmm/m/it
/14.4 ;  \OMS/cmsy/m/n/14.4 ^^@\OML/cmm/m/it/14.4 ;  \OMS/cmsy/m/n/14.4 ^^C\OML
/cmm/m/it/14.4 ;  =;  <;  >;  \OT1/cmr/m/n/14.4 !\OML/cmm/m/it/14.4 ;  \OT1/cmr
/m/n/14.4 =\OML/cmm/m/it/14.4 ;  ; ;  :;  \OT1/cmr/m/n/14.4 :\OML/cmm/m/it/14.4
 ;  \OT1/cmr/m/n/14.4 ; \OML/cmm/m/it/14.4 ;  ;  \OT1/cmr/m/n/14.4 (\OML/cmm/m/
it/14.4 :;  :\OT1/cmr/m/n/14.4 )$
 []


Overfull \hbox (0.34479pt too wide) in paragraph at lines 158--167
\OT1/cmr/bx/n/14.4 oth-ers are in-valid char-ac-ters (CHAR[] UN-KNOWN) 
 []


Underfull \hbox (badness 10000) in paragraph at lines 158--167

 []


Overfull \hbox (4.15973pt too wide) in paragraph at lines 158--167
\OT1/cmr/m/n/14.4 CHAR[] SPACE, CHAR[] LET-TER, CHAR[] DIGIT, CHAR[]
 []


Overfull \hbox (12.37468pt too wide) in paragraph at lines 158--167
\OT1/cmr/m/n/14.4 CHAR[] GT, CHAR[] EX-CLAIMA-TION, CHAR[] EQ, CHAR[]
 []


Overfull \hbox (1.92706pt too wide) in paragraph at lines 158--167
\OT1/cmr/m/n/14.4 CHAR[] PE-RIOD, CHAR[] COLON, CHAR[] SEMI-COLON, 
 []


Underfull \hbox (badness 10000) in paragraph at lines 167--176

 []


Underfull \hbox (badness 10000) in paragraph at lines 167--176

 []


Overfull \hbox (20.91939pt too wide) in paragraph at lines 177--182
[]\OT1/cmr/m/n/14.4 SB[] SEMI-COLON, SB[] COLON, SB[] PE-RIOD, SB[] COMMA, 
 []

[12] [13]
<execLex.png, id=300, 682.04813pt x 310.15875pt>
File: execLex.png Graphic file (type png)
<use execLex.png>
Package pdftex.def Info: execLex.png  used on input line 221.
(pdftex.def)             Requested size: 370.49881pt x 168.48654pt.
 [14] [15 <./execLex.png>]
Chapter 3.
[16

]
<syn1.png, id=317, 499.11469pt x 114.4275pt>
File: syn1.png Graphic file (type png)
<use syn1.png>
Package pdftex.def Info: syn1.png  used on input line 236.
(pdftex.def)             Requested size: 390.0pt x 89.41371pt.
<syn2.png, id=318, 425.33907pt x 290.58563pt>
File: syn2.png Graphic file (type png)
<use syn2.png>
Package pdftex.def Info: syn2.png  used on input line 237.
(pdftex.def)             Requested size: 390.0pt x 266.45522pt.
<syn3.png, id=319, 538.26094pt x 322.20375pt>
File: syn3.png Graphic file (type png)
<use syn3.png>
Package pdftex.def Info: syn3.png  used on input line 243.
(pdftex.def)             Requested size: 390.0pt x 233.45653pt.
<syn4.png, id=320, 1022.82124pt x 691.58376pt>
File: syn4.png Graphic file (type png)
<use syn4.png>
Package pdftex.def Info: syn4.png  used on input line 244.
(pdftex.def)             Requested size: 390.0pt x 263.69098pt.
<syn5.png, id=321, 532.99126pt x 398.23781pt>
File: syn5.png Graphic file (type png)
<use syn5.png>
Package pdftex.def Info: syn5.png  used on input line 250.
(pdftex.def)             Requested size: 390.0pt x 291.40392pt.
<syn6.png, id=322, 591.71063pt x 377.15906pt>
File: syn6.png Graphic file (type png)
<use syn6.png>
Package pdftex.def Info: syn6.png  used on input line 251.
(pdftex.def)             Requested size: 390.0pt x 248.59196pt.
<syn7.png, id=323, 958.58125pt x 520.94624pt>
File: syn7.png Graphic file (type png)
<use syn7.png>
Package pdftex.def Info: syn7.png  used on input line 256.
(pdftex.def)             Requested size: 390.0pt x 211.9439pt.
<syn8.png, id=324, 623.32875pt x 356.0803pt>
File: syn8.png Graphic file (type png)
<use syn8.png>
Package pdftex.def Info: syn8.png  used on input line 257.
(pdftex.def)             Requested size: 390.0pt x 222.79414pt.
 [17 <./syn1.png> <./syn2.png>] [18 <./syn3.png> <./syn4.png>] [19 <./syn5.png>
 <./syn6.png>] [20 <./syn7.png> <./syn8.png>]
Overfull \hbox (8.59251pt too wide) in paragraph at lines 280--281
[]\OT1/cmr/m/n/14.4 ConstDecl ::= Ident SB[]EQUAL Con-stant SB[]SEMICOLON 
 []

[21]
Overfull \hbox (40.02554pt too wide) in paragraph at lines 296--297
[]\OT1/cmr/m/n/14.4 ProcDecl ::= KW[]PROCEDURE Ident Params SB[]SEMICOLON
 []


Overfull \hbox (8.38148pt too wide) in paragraph at lines 309--310
[]\OT1/cmr/m/n/14.4 Type ::= KW[]ARRAY SB[]LSEL Num-ber SB[]RSEL KW[]OF
 []

[22] [23]
Overfull \hbox (6.40419pt too wide) in paragraph at lines 350--351
[]\OT1/cmr/m/n/14.4 Arguments ::= SB[]LPAR Ex-pres-sion Ar-gu-ments2 SB[]RLAR 
 []

[24] [25]
Missing character: There is no ‚ in font cmr12!
Missing character: There is no Ä in font cmr12!
Missing character: There is no ú in font cmr12!
Missing character: There is no ‚ in font cmr12!
Missing character: There is no Ä in font cmr12!
Missing character: There is no ù in font cmr12!

Overfull \hbox (1.87906pt too wide) in paragraph at lines 411--412
[]\OT1/cmr/bx/n/14.4 void \OT1/cmr/m/n/14.4 com-pile-Block3(\OT1/cmr/bx/n/14.4 
void\OT1/cmr/m/n/14.4 ): parse vari-able dec-la-ra-tions then
 []

[26]
Overfull \hbox (6.42236pt too wide) in paragraph at lines 414--415
[]\OT1/cmr/bx/n/14.4 void \OT1/cmr/m/n/14.4 com-pile-Con-st-De-cls(\OT1/cmr/bx/
n/14.4 void\OT1/cmr/m/n/14.4 ): parse con-stant dec-la-ra-tions. 
 []


Overfull \hbox (7.63399pt too wide) in paragraph at lines 422--423
[]\OT1/cmr/bx/n/14.4 void \OT1/cmr/m/n/14.4 com-pileProcDecl(\OT1/cmr/bx/n/14.4
 void\OT1/cmr/m/n/14.4 ): parse pro-ce-dures dec-la-ra-tions. 
 []


Overfull \hbox (0.66248pt too wide) in paragraph at lines 423--424
[]\OT1/cmr/bx/n/14.4 void \OT1/cmr/m/n/14.4 com-pile-Un-signed-Con-stant(\OT1/c
mr/bx/n/14.4 void\OT1/cmr/m/n/14.4 ): parse un-signed con-
 []

[27]
Overfull \hbox (15.7023pt too wide) in paragraph at lines 438--439
[]\OT1/cmr/bx/n/14.4 void \OT1/cmr/m/n/14.4 com-pileAr-gu-ments(\OT1/cmr/bx/n/1
4.4 void\OT1/cmr/m/n/14.4 ): parse list of ar-gu-ments passed
 []

[28] [29]
Chapter 4.
[30

] [31]
Overfull \hbox (10.19356pt too wide) in paragraph at lines 475--488
\OT1/cmr/bx/n/14.4 VariableAttributes* \OT1/cmr/m/n/14.4 varAt-trs; \OT1/cmr/bx
/n/14.4 Ty-peAt-tributes* \OT1/cmr/m/n/14.4 ty-peAt-
 []


Underfull \hbox (badness 10000) in paragraph at lines 475--488

 []

[32]
Underfull \hbox (badness 10000) in paragraph at lines 519--526

 []


Underfull \hbox (badness 10000) in paragraph at lines 527--528

 []


Underfull \hbox (badness 10000) in paragraph at lines 529--532

 []

[33]
Underfull \hbox (badness 10000) in paragraph at lines 537--541

 []


Underfull \hbox (badness 10000) in paragraph at lines 542--545

 []


Underfull \hbox (badness 10000) in paragraph at lines 546--550

 []


Underfull \hbox (badness 10000) in paragraph at lines 551--556

 []


Underfull \hbox (badness 10000) in paragraph at lines 557--560

 []


Underfull \hbox (badness 10000) in paragraph at lines 561--566

 []

[34]
Overfull \hbox (12.4721pt too wide) in paragraph at lines 567--574
\OT1/cmr/m/n/14.4 typedef struct \OT1/cmr/bx/n/14.4 Pro-ce-dure-At-tributes[] \
OT1/cmr/m/n/14.4 Pro-ce-dure-At-tributes; 
 []


Overfull \hbox (15.38875pt too wide) in paragraph at lines 567--574
\OT1/cmr/m/n/14.4 typedef struct \OT1/cmr/bx/n/14.4 Pa-ram-e-ter-At-tributes[] 
\OT1/cmr/m/n/14.4 Pa-ram-e-ter-At-tributes; 
 []


Overfull \hbox (4.51619pt too wide) in paragraph at lines 578--579
[]\OT1/cmr/bx/n/14.4 Object* \OT1/cmr/m/n/14.4 cre-ate-Con-stan-tO-b-ject(\OT1/
cmr/bx/n/14.4 char *\OT1/cmr/m/n/14.4 name): cre-ate a con-
 []


Overfull \hbox (1.29956pt too wide) in paragraph at lines 580--581
[]\OT1/cmr/bx/n/14.4 Object* \OT1/cmr/m/n/14.4 cre-at-e-Vari-ableOb-ject(\OT1/c
mr/bx/n/14.4 char *\OT1/cmr/m/n/14.4 name): cre-ate a vari-
 []


Overfull \hbox (7.76448pt too wide) in paragraph at lines 581--582
[]\OT1/cmr/bx/n/14.4 Object* \OT1/cmr/m/n/14.4 cre-ate-Func-tionOb-ject(\OT1/cm
r/bx/n/14.4 char *\OT1/cmr/m/n/14.4 name): cre-ate a func-
 []


Overfull \hbox (47.0533pt too wide) in paragraph at lines 583--584
[]\OT1/cmr/bx/n/14.4 Object* \OT1/cmr/m/n/14.4 cre-atePa-ram-e-ter-Ob-ject(\OT1
/cmr/bx/n/14.4 char *\OT1/cmr/m/n/14.4 name, enum \OT1/cmr/bx/n/14.4 ParamKind
 []


Overfull \hbox (13.97949pt too wide) in paragraph at lines 587--588
[]\OT1/cmr/bx/n/14.4 Type* \OT1/cmr/m/n/14.4 makeAr-ray-Type(\OT1/cmr/bx/n/14.4
 int \OT1/cmr/m/n/14.4 ar-ray-Size, \OT1/cmr/bx/n/14.4 Type* \OT1/cmr/m/n/14.4 
el-e-ment-Type):
 []

[35]
Overfull \hbox (18.86745pt too wide) in paragraph at lines 593--594
[]\OT1/cmr/bx/n/14.4 ConstantValue* \OT1/cmr/m/n/14.4 du-pli-cate-Con-stant-Val
ue(\OT1/cmr/bx/n/14.4 ConstantValue*
 []


Overfull \hbox (1.97403pt too wide) in paragraph at lines 596--597
[]\OT1/cmr/bx/n/14.4 Object* \OT1/cmr/m/n/14.4 find-Ob-ject(\OT1/cmr/bx/n/14.4 
ObjectNode *\OT1/cmr/m/n/14.4 objList, \OT1/cmr/bx/n/14.4 char *\OT1/cmr/m/n/14
.4 name):
 []


Overfull \hbox (14.40047pt too wide) in paragraph at lines 600--605
\OT1/cmr/m/n/14.4 if (findObject(symtab-$\OML/cmm/m/it/14.4 >$\OT1/cmr/m/n/14.4
 currentScope-$\OML/cmm/m/it/14.4 >$\OT1/cmr/m/n/14.4 objList, name) != \OT1/cm
r/bx/n/14.4 NULL\OT1/cmr/m/n/14.4 )
 []


Overfull \hbox (53.39508pt too wide) in paragraph at lines 600--605
\OT1/cmr/m/n/14.4 er-ror(ERR[]DUPLICATE[]IDENT, currentToken-$\OML/cmm/m/it/14.
4 >$\OT1/cmr/m/n/14.4 lineNo, currentToken-
 []


Overfull \hbox (0.31795pt too wide) in paragraph at lines 607--608
[]\OT1/cmr/bx/n/14.4 Object* \OT1/cmr/m/n/14.4 check-De-clare-dI-dent(\OT1/cmr/
bx/n/14.4 char *\OT1/cmr/m/n/14.4 name): check de-clared
 []

[36] [37]
Overfull \hbox (13.56123pt too wide) in paragraph at lines 627--628
[]\OT1/cmr/bx/n/14.4 void \OT1/cmr/m/n/14.4 check-Type-E-qual-ity(\OT1/cmr/bx/n
/14.4 Type* \OT1/cmr/m/n/14.4 type1, \OT1/cmr/bx/n/14.4 Type* \OT1/cmr/m/n/14.4
 type2): check
 []

Package atveryend Info: Empty hook `BeforeClearDocument' on input line 631.
[38]
Package atveryend Info: Empty hook `AfterLastShipout' on input line 631.
 (./report.aux)
Package atveryend Info: Executing hook `AtVeryEndDocument' on input line 631.
Package atveryend Info: Executing hook `AtEndAfterFileList' on input line 631.
Package rerunfilecheck Info: File `report.out' has not changed.
(rerunfilecheck)             Checksum: F5F9AB084078B668747A1822488939E6;2637.
Package atveryend Info: Empty hook `AtVeryVeryEnd' on input line 631.
 ) 
Here is how much of TeX's memory you used:
 6485 strings out of 492982
 98665 string characters out of 6134896
 181734 words of memory out of 5000000
 9808 multiletter control sequences out of 15000+600000
 9284 words of font info for 33 fonts, out of 8000000 for 9000
 1141 hyphenation exceptions out of 8191
 42i,8n,40p,680b,463s stack positions out of 5000i,500n,10000p,200000b,80000s
</usr/share/texlive/texmf-dist/fonts/type1/public/amsfonts/cm/cmbx12.pfb></us
r/share/texlive/texmf-dist/fonts/type1/public/amsfonts/cm/cmmi12.pfb></usr/shar
e/texlive/texmf-dist/fonts/type1/public/amsfonts/cm/cmr10.pfb></usr/share/texli
ve/texmf-dist/fonts/type1/public/amsfonts/cm/cmr12.pfb></usr/share/texlive/texm
f-dist/fonts/type1/public/amsfonts/cm/cmr17.pfb></usr/share/texlive/texmf-dist/
fonts/type1/public/amsfonts/cm/cmr7.pfb></usr/share/texlive/texmf-dist/fonts/ty
pe1/public/amsfonts/cm/cmr8.pfb></usr/share/texlive/texmf-dist/fonts/type1/publ
ic/amsfonts/cm/cmsy10.pfb></usr/share/texlive/texmf-dist/fonts/type1/public/ams
fonts/cm/cmtt12.pfb>
Output written on report.pdf (39 pages, 896857 bytes).
PDF statistics:
 603 PDF objects out of 1000 (max. 8388607)
 526 compressed objects within 6 object streams
 204 named destinations out of 1000 (max. 500000)
 375 words of extra memory for PDF output out of 10000 (max. 10000000)

