\BOOKMARK [0][-]{chapter.1}{AN OVERVIEW OF COMPILER}{}% 1
\BOOKMARK [1][-]{section.1.1}{Task of a compiler}{chapter.1}% 2
\BOOKMARK [1][-]{section.1.2}{COMPONENTS OF A COMPILER}{chapter.1}% 3
\BOOKMARK [1][-]{section.1.3}{Steps of the compiling process}{chapter.1}% 4
\BOOKMARK [2][-]{subsection.1.3.1}{Lexical analyzer}{section.1.3}% 5
\BOOKMARK [2][-]{subsection.1.3.2}{Syntax analysis}{section.1.3}% 6
\BOOKMARK [2][-]{subsection.1.3.3}{Semantic analysis}{section.1.3}% 7
\BOOKMARK [2][-]{subsection.1.3.4}{Intermediate code generation}{section.1.3}% 8
\BOOKMARK [2][-]{subsection.1.3.5}{Code optimization}{section.1.3}% 9
\BOOKMARK [2][-]{subsection.1.3.6}{Object code generation}{section.1.3}% 10
\BOOKMARK [1][-]{section.1.4}{SUMMARY}{chapter.1}% 11
\BOOKMARK [0][-]{chapter.2}{LEXICAL ANALYSER FOR KPL}{}% 12
\BOOKMARK [1][-]{section.2.1}{TASK OF A SCANNER}{chapter.2}% 13
\BOOKMARK [1][-]{section.2.2}{TOKENS IN KPL}{chapter.2}% 14
\BOOKMARK [1][-]{section.2.3}{DATA STRUCTURE IN KPL}{chapter.2}% 15
\BOOKMARK [1][-]{section.2.4}{FUNCTIONS IN KPL}{chapter.2}% 16
\BOOKMARK [2][-]{subsection.2.4.1}{Details about functions}{section.2.4}% 17
\BOOKMARK [2][-]{subsection.2.4.2}{Details about execution of a scanner}{section.2.4}% 18
\BOOKMARK [0][-]{chapter.3}{SYNTACTIC ANALYSER FOR KPL}{}% 19
\BOOKMARK [1][-]{section.3.1}{Task of a syntatic analyser \(parser\)}{chapter.3}% 20
\BOOKMARK [1][-]{section.3.2}{Syntax diagram and BNF grammar}{chapter.3}% 21
\BOOKMARK [2][-]{subsection.3.2.1}{Syntax diagram}{section.3.2}% 22
\BOOKMARK [2][-]{subsection.3.2.2}{BNF grammar}{section.3.2}% 23
\BOOKMARK [1][-]{section.3.3}{Recursive descent parsing}{chapter.3}% 24
\BOOKMARK [1][-]{section.3.4}{Data structure in parser for KPL}{chapter.3}% 25
\BOOKMARK [1][-]{section.3.5}{Parse terminal symbols}{chapter.3}% 26
\BOOKMARK [1][-]{section.3.6}{Parsing non-terminal symbols}{chapter.3}% 27
\BOOKMARK [0][-]{chapter.4}{SEMANTIC ANALYSER FOR KPL}{}% 28
\BOOKMARK [1][-]{section.4.1}{Tasks of semantic analyzer}{chapter.4}% 29
\BOOKMARK [1][-]{section.4.2}{Symbol table designing}{chapter.4}% 30
\BOOKMARK [2][-]{subsection.4.2.1}{Reason}{section.4.2}% 31
\BOOKMARK [2][-]{subsection.4.2.2}{Design symbol table}{section.4.2}% 32
\BOOKMARK [1][-]{section.4.3}{Verify scoping rules}{chapter.4}% 33
\BOOKMARK [2][-]{subsection.4.3.1}{Checking fresh identifier}{section.4.3}% 34
\BOOKMARK [2][-]{subsection.4.3.2}{Checking declared identifier}{section.4.3}% 35
\BOOKMARK [1][-]{section.4.4}{Type checking}{chapter.4}% 36
\BOOKMARK [2][-]{subsection.4.4.1}{Reason}{section.4.4}% 37
\BOOKMARK [2][-]{subsection.4.4.2}{Functions}{section.4.4}% 38
